{
  "RSpec": {
    "coverage": {
      "/home/junior/agendaedu-desafio/app/helpers/application_helper.rb": {
        "lines": [
          1,
          null,
          null
        ]
      },
      "/home/junior/agendaedu-desafio/app/helpers/candidato_helper.rb": {
        "lines": [
          1,
          null,
          null
        ]
      },
      "/home/junior/agendaedu-desafio/app/helpers/errors_helper.rb": {
        "lines": [
          1,
          null
        ]
      },
      "/home/junior/agendaedu-desafio/app/helpers/home_helper.rb": {
        "lines": [
          1,
          null
        ]
      },
      "/home/junior/agendaedu-desafio/app/controllers/candidato_controller.rb": {
        "lines": [
          1,
          1,
          null,
          1,
          3,
          null,
          null,
          1,
          2,
          null,
          null,
          1,
          3,
          3,
          2,
          2,
          null,
          14,
          14,
          null,
          14,
          14,
          null,
          8,
          8,
          2,
          2,
          2,
          2,
          2,
          null,
          2,
          null,
          null,
          6,
          6,
          6,
          6,
          6,
          6,
          6,
          6,
          6,
          6,
          6,
          6,
          6,
          6,
          6,
          6,
          6,
          6,
          6,
          6,
          6,
          6,
          6,
          6,
          6,
          6,
          6,
          6,
          6,
          6,
          6,
          null,
          6,
          null,
          null,
          null,
          null,
          null,
          null,
          null,
          null,
          6,
          null,
          6,
          6,
          null,
          null,
          null,
          0,
          null,
          null,
          null,
          2,
          2,
          null,
          0,
          null,
          null,
          2,
          null,
          1,
          1,
          null,
          null,
          null,
          1,
          null,
          1,
          2,
          null,
          null,
          null,
          null
        ]
      },
      "/home/junior/agendaedu-desafio/app/controllers/application_controller.rb": {
        "lines": [
          1,
          1,
          null
        ]
      },
      "/home/junior/agendaedu-desafio/app/controllers/errors_controller.rb": {
        "lines": [
          1,
          1,
          1,
          null,
          null,
          1,
          1,
          null,
          null,
          1,
          1,
          null,
          null
        ]
      },
      "/home/junior/agendaedu-desafio/app/controllers/home_controller.rb": {
        "lines": [
          1,
          null,
          null
        ]
      },
      "/home/junior/agendaedu-desafio/app/models/candidato.rb": {
        "lines": [
          1,
          1,
          null,
          1,
          null,
          1,
          1,
          null,
          null,
          1,
          1,
          null,
          null,
          1,
          1,
          null,
          null,
          1,
          1,
          null,
          null,
          null,
          null
        ]
      },
      "/home/junior/agendaedu-desafio/app/models/application_record.rb": {
        "lines": [
          1,
          1,
          null
        ]
      },
      "/home/junior/agendaedu-desafio/app/models/despesa.rb": {
        "lines": [
          1,
          1,
          1,
          null
        ]
      }
    },
    "timestamp": 1615151601
  }
}
